J:\IGV\FALL2013\IGV_CODE_1-16-13\IGV_PROJECT_CODE\IGV_PROJECT_CODE\RELEASE\STEREO.OBJ
J:\IGV\FALL2013\IGV_CODE_1-16-13\IGV_PROJECT_CODE\IGV_PROJECT_CODE\RELEASE\IGV_MAIN.OBJ
J:\IGV\FALL2013\IGV_CODE_1-16-13\IGV_PROJECT_CODE\IGV_PROJECT_CODE\RELEASE\GLOBALS.OBJ
J:\IGV\FALL2013\IGV_CODE_1-16-13\IGV_PROJECT_CODE\IGV_PROJECT_CODE\RELEASE\GALIL_IGV.OBJ
J:\IGV\FALL2013\IGV_CODE_1-16-13\IGV_PROJECT_CODE\IGV_PROJECT_CODE\RELEASE\DECIDE.OBJ
J:\IGV\FALL2013\IGV_CODE_1-16-13\IGV_PROJECT_CODE\IGV_PROJECT_CODE\RELEASE\VC110.PDB
J:\IGV\FALL2013\IGV_CODE_1-16-13\IGV_PROJECT_CODE\RELEASE\IGV_PROJECT_CODE.EXE
J:\IGV\FALL2013\IGV_CODE_1-16-13\IGV_PROJECT_CODE\RELEASE\IGV_PROJECT_CODE.PDB
J:\IGV\Fall2013\IGV_CODE_1-16-13\IGV_PROJECT_CODE\IGV_PROJECT_CODE\Release\stereo.obj
J:\IGV\Fall2013\IGV_CODE_1-16-13\IGV_PROJECT_CODE\IGV_PROJECT_CODE\Release\IGV_main.obj
J:\IGV\Fall2013\IGV_CODE_1-16-13\IGV_PROJECT_CODE\IGV_PROJECT_CODE\Release\globals.obj
J:\IGV\Fall2013\IGV_CODE_1-16-13\IGV_PROJECT_CODE\IGV_PROJECT_CODE\Release\Galil_IGV.obj
J:\IGV\Fall2013\IGV_CODE_1-16-13\IGV_PROJECT_CODE\IGV_PROJECT_CODE\Release\decide.obj
J:\IGV\Fall2013\IGV_CODE_1-16-13\IGV_PROJECT_CODE\IGV_PROJECT_CODE\Release\CL.read.1.tlog
J:\IGV\Fall2013\IGV_CODE_1-16-13\IGV_PROJECT_CODE\IGV_PROJECT_CODE\Release\CL.write.1.tlog
J:\IGV\Fall2013\IGV_CODE_1-16-13\IGV_PROJECT_CODE\IGV_PROJECT_CODE\Release\cl.command.1.tlog
J:\IGV\Fall2013\IGV_CODE_1-16-13\IGV_PROJECT_CODE\IGV_PROJECT_CODE\Release\link-rc.read.1.tlog
J:\IGV\Fall2013\IGV_CODE_1-16-13\IGV_PROJECT_CODE\IGV_PROJECT_CODE\Release\link-rc.write.1.tlog
J:\IGV\Fall2013\IGV_CODE_1-16-13\IGV_PROJECT_CODE\IGV_PROJECT_CODE\Release\link-cvtres.read.1.tlog
J:\IGV\Fall2013\IGV_CODE_1-16-13\IGV_PROJECT_CODE\IGV_PROJECT_CODE\Release\link-cvtres.write.1.tlog
J:\IGV\Fall2013\IGV_CODE_1-16-13\IGV_PROJECT_CODE\IGV_PROJECT_CODE\Release\link.read.1.tlog
J:\IGV\Fall2013\IGV_CODE_1-16-13\IGV_PROJECT_CODE\IGV_PROJECT_CODE\Release\link.write.1.tlog
J:\IGV\Fall2013\IGV_CODE_1-16-13\IGV_PROJECT_CODE\IGV_PROJECT_CODE\Release\link.command.1.tlog
J:\IGV\Fall2013\IGV_CODE_1-16-13\IGV_PROJECT_CODE\IGV_PROJECT_CODE\Release\vc110.pdb
J:\IGV\Fall2013\IGV_CODE_1-16-13\IGV_PROJECT_CODE\Release\IGV_PROJECT_CODE.pdb
J:\IGV\Fall2013\IGV_CODE_1-16-13\IGV_PROJECT_CODE\Release\IGV_PROJECT_CODE.exe
