Build started 1/17/2013 6:21:13 PM.
     1>Project "C:\Users\Oriah\Documents\Chico\IGV\IGV_CODE_1-16-13\IGV_PROJECT_CODE\IGV_PROJECT_CODE\IGV_PROJECT_CODE.vcxproj" on node 2 (Rebuild target(s)).
     1>_PrepareForClean:
         Deleting file "Debug\IGV_PROJECT_CODE.lastbuildstate".
       InitializeBuildStatus:
         Touching "Debug\IGV_PROJECT_CODE.unsuccessfulbuild".
       ClCompile:
         C:\Program Files (x86)\Microsoft Visual Studio 11.0\VC\bin\CL.exe /c /I"C:\Users\icormery\Documents\Chico\IGV\IGV_CODE_1-16-13\include" /ZI /nologo /W3 /WX- /Od /Oy- /D _MBCS /Gm /EHsc /RTC1 /MDd /GS /fp:precise /Zc:wchar_t /Zc:forScope /Fo"Debug\\" /Fd"Debug\vc110.pdb" /Gd /TP /analyze- /errorReport:prompt ..\..\Galil_IGV.cpp ..\..\IGV_main.cpp
         IGV_main.cpp
         Galil_IGV.cpp
     1>c:\users\oriah\documents\chico\igv\igv_code_1-16-13\galil_igv.cpp(202): warning C4018: '<' : signed/unsigned mismatch
         Generating Code...
       Link:
         C:\Program Files (x86)\Microsoft Visual Studio 11.0\VC\bin\link.exe /ERRORREPORT:PROMPT /OUT:"C:\Users\Oriah\Documents\Chico\IGV\IGV_CODE_1-16-13\IGV_PROJECT_CODE\Debug\IGV_PROJECT_CODE.exe" /INCREMENTAL:NO /NOLOGO /LIBPATH:"C:\Users\Oriah\Documents\Chico\IGV\IGV_CODE_1-16-13\lib" Xinput.lib Galil2.lib kernel32.lib user32.lib gdi32.lib winspool.lib comdlg32.lib advapi32.lib shell32.lib ole32.lib oleaut32.lib uuid.lib odbc32.lib odbccp32.lib /MANIFEST /MANIFESTUAC:"level='asInvoker' uiAccess='false'" /manifest:embed /DEBUG /PDB:"C:\Users\Oriah\Documents\Chico\IGV\IGV_CODE_1-16-13\IGV_PROJECT_CODE\Debug\IGV_PROJECT_CODE.pdb" /TLBID:1 /DYNAMICBASE /NXCOMPAT /IMPLIB:"C:\Users\Oriah\Documents\Chico\IGV\IGV_CODE_1-16-13\IGV_PROJECT_CODE\Debug\IGV_PROJECT_CODE.lib" /MACHINE:X86 Debug\Galil_IGV.obj
         Debug\IGV_main.obj
     1>Galil_IGV.obj : warning LNK4075: ignoring '/EDITANDCONTINUE' due to '/OPT:LBR' specification
         IGV_PROJECT_CODE.vcxproj -> C:\Users\Oriah\Documents\Chico\IGV\IGV_CODE_1-16-13\IGV_PROJECT_CODE\Debug\IGV_PROJECT_CODE.exe
       FinalizeBuildStatus:
         Deleting file "Debug\IGV_PROJECT_CODE.unsuccessfulbuild".
         Touching "Debug\IGV_PROJECT_CODE.lastbuildstate".
     1>Done Building Project "C:\Users\Oriah\Documents\Chico\IGV\IGV_CODE_1-16-13\IGV_PROJECT_CODE\IGV_PROJECT_CODE\IGV_PROJECT_CODE.vcxproj" (Rebuild target(s)).

Build succeeded.

Time Elapsed 00:00:01.55
